[debug] [2026-03-13T00:02:07.118Z] ----------------------------------------------------------------------
[debug] [2026-03-13T00:02:07.121Z] Command:       /usr/local/bin/node /usr/local/bin/firebase deploy --only firestore:indexes --project almamundi-6d294
[debug] [2026-03-13T00:02:07.121Z] CLI Version:   15.1.0
[debug] [2026-03-13T00:02:07.121Z] Platform:      darwin
[debug] [2026-03-13T00:02:07.121Z] Node Version:  v24.12.0
[debug] [2026-03-13T00:02:07.121Z] Time:          Thu Mar 12 2026 21:02:07 GMT-0300 (Chile Summer Time)
[debug] [2026-03-13T00:02:07.121Z] ----------------------------------------------------------------------
[debug] 
[debug] [2026-03-13T00:02:07.123Z] >>> [apiv2][query] GET https://firebase-public.firebaseio.com/cli.json [none]
[debug] [2026-03-13T00:02:08.352Z] > command requires scopes: ["email","openid","https://www.googleapis.com/auth/cloudplatformprojects.readonly","https://www.googleapis.com/auth/firebase","https://www.googleapis.com/auth/cloud-platform"]
[debug] [2026-03-13T00:02:08.352Z] > authorizing via signed-in user (malemarinlg@gmail.com)
[debug] [2026-03-13T00:02:08.352Z] [iam] checking project almamundi-6d294 for permissions ["datastore.indexes.create","datastore.indexes.delete","datastore.indexes.list","datastore.indexes.update","firebase.projects.get"]
[debug] [2026-03-13T00:02:08.353Z] Checked if tokens are valid: false, expires at: 1767467279620
[debug] [2026-03-13T00:02:08.353Z] Checked if tokens are valid: false, expires at: 1767467279620
[debug] [2026-03-13T00:02:08.353Z] > refreshing access token with scopes: []
[debug] [2026-03-13T00:02:08.353Z] >>> [apiv2][query] POST https://www.googleapis.com/oauth2/v3/token [none]
[debug] [2026-03-13T00:02:08.353Z] >>> [apiv2][body] POST https://www.googleapis.com/oauth2/v3/token [omitted]
[debug] [2026-03-13T00:02:08.472Z] <<< [apiv2][status] POST https://www.googleapis.com/oauth2/v3/token 200
[debug] [2026-03-13T00:02:08.472Z] <<< [apiv2][body] POST https://www.googleapis.com/oauth2/v3/token [omitted]
[error] Authentication Error: Your credentials are no longer valid. Please run firebase login --reauth

For CI servers and headless environments, generate a new token with firebase login:ci
[debug] [2026-03-13T00:02:08.473Z] [iam] error while checking permissions, command may fail: Authentication Error: Your credentials are no longer valid. Please run firebase login --reauth

For CI servers and headless environments, generate a new token with firebase login:ci
[info] 
[info] === Deploying to 'almamundi-6d294'...
[info] 
[info] i  deploying firestore 
[info] i  firestore: ensuring required API firestore.googleapis.com is enabled... 
[debug] [2026-03-13T00:02:08.475Z] Checked if tokens are valid: true, expires at: 1773363727472
[debug] [2026-03-13T00:02:08.475Z] Checked if tokens are valid: true, expires at: 1773363727472
[debug] [2026-03-13T00:02:08.475Z] >>> [apiv2][query] GET https://serviceusage.googleapis.com/v1/projects/almamundi-6d294/services/firestore.googleapis.com [none]
[debug] [2026-03-13T00:02:08.475Z] >>> [apiv2][(partial)header] GET https://serviceusage.googleapis.com/v1/projects/almamundi-6d294/services/firestore.googleapis.com x-goog-quota-user=projects/almamundi-6d294
[debug] [2026-03-13T00:02:09.046Z] <<< [apiv2][status] GET https://firebase-public.firebaseio.com/cli.json 200
[debug] [2026-03-13T00:02:09.046Z] <<< [apiv2][body] GET https://firebase-public.firebaseio.com/cli.json {"cloudBuildErrorAfter":1594252800000,"cloudBuildWarnAfter":1590019200000,"defaultNode10After":1594252800000,"minVersion":"3.0.5","node8DeploysDisabledAfter":1613390400000,"node8RuntimeDisabledAfter":1615809600000,"node8WarnAfter":1600128000000}
[warn] ⚠  Unable to fetch the CLI MOTD and remote config. This is not a fatal error, but may indicate an issue with your network connection. 
[debug] [2026-03-13T00:02:09.047Z] Failed to fetch MOTD Error: EPERM: operation not permitted, open '/Users/malehofmann/.config/configstore/firebase-tools.json.3879842898'
[debug] [2026-03-13T00:02:09.526Z] <<< [apiv2][status] GET https://serviceusage.googleapis.com/v1/projects/almamundi-6d294/services/firestore.googleapis.com 200
[debug] [2026-03-13T00:02:09.527Z] <<< [apiv2][body] GET https://serviceusage.googleapis.com/v1/projects/almamundi-6d294/services/firestore.googleapis.com [omitted]
[info] ✔  firestore: required API firestore.googleapis.com is enabled 
[debug] [2026-03-13T00:02:09.529Z] Error: EPERM: operation not permitted, open '/Users/malehofmann/.config/configstore/firebase-tools.json.916690036'
    at Object.openSync (node:fs:560:18)
    at writeFile.writeFileSync [as sync] (/usr/local/lib/node_modules/firebase-tools/node_modules/write-file-atomic/index.js:205:13)
    at set all (/usr/local/lib/node_modules/firebase-tools/node_modules/configstore/index.js:61:20)
    at Configstore.set (/usr/local/lib/node_modules/firebase-tools/node_modules/configstore/index.js:91:12)
    at cacheEnabledAPI (/usr/local/lib/node_modules/firebase-tools/lib/ensureApiEnabled.js:143:31)
    at check (/usr/local/lib/node_modules/firebase-tools/lib/ensureApiEnabled.js:34:9)
    at process.processTicksAndRejections (node:internal/process/task_queues:103:5)
    at async ensure (/usr/local/lib/node_modules/firebase-tools/lib/ensureApiEnabled.js:108:23)
    at async default_1 (/usr/local/lib/node_modules/firebase-tools/lib/deploy/firestore/prepare.js:76:5)
    at async chain (/usr/local/lib/node_modules/firebase-tools/lib/deploy/index.js:43:9)
[error] 
[error] Error: An unexpected error has occurred.
[debug] [2026-03-13T00:02:09.782Z] Error: EPERM: operation not permitted, open '/Users/malehofmann/.config/configstore/firebase-tools.json.2905647687'
    at Object.openSync (node:fs:560:18)
    at writeFile.writeFileSync [as sync] (/usr/local/lib/node_modules/firebase-tools/node_modules/write-file-atomic/index.js:205:13)
    at set all (/usr/local/lib/node_modules/firebase-tools/node_modules/configstore/index.js:61:20)
    at Configstore.delete (/usr/local/lib/node_modules/firebase-tools/node_modules/configstore/index.js:101:12)
    at process.<anonymous> (/usr/local/lib/node_modules/firebase-tools/lib/bin/cli.js:65:45)
    at process.emit (node:events:520:35)
    at process.exit (node:internal/process/per_thread:236:15)
    at Timeout._onTimeout (/usr/local/lib/node_modules/firebase-tools/lib/errorOut.js:20:17)
    at listOnTimeout (node:internal/timers:605:17)
    at process.processTimers (node:internal/timers:541:7)
[error] 
[error] Error: An unexpected error has occurred.
